<?xml version="1.0" encoding="UTF-8"?>
<!-- Generated by org.testng.reporters.JUnitXMLReporter -->
<testsuite hostname="DESKTOP-RQ0I3KE" ignored="0" name="Test" tests="13" failures="0" timestamp="15 May 2019 17:39:12 GMT" time="549.336" errors="0">
  <testcase name="createContact" time="21.956" classname="com.qa.hubspot.tests.ContactsPageTest"/>
  <testcase name="createContact" time="22.52" classname="com.qa.hubspot.tests.ContactsPageTest"/>
  <testcase name="createContact" time="21.922" classname="com.qa.hubspot.tests.ContactsPageTest"/>
  <testcase name="createContact" time="21.891" classname="com.qa.hubspot.tests.ContactsPageTest"/>
  <testcase name="createContact" time="23.139" classname="com.qa.hubspot.tests.ContactsPageTest"/>
  <testcase name="verifyPageHeader" time="0.118" classname="com.qa.hubspot.tests.ContactsPageTest"/>
  <testcase name="verifyPageTitleTest" time="0.019" classname="com.qa.hubspot.tests.ContactsPageTest"/>
  <testcase name="verifyHomePageHeaderTest" time="0.216" classname="com.qa.hubspot.tests.HomePageTest"/>
  <testcase name="verifyHomePageTitle" time="0.064" classname="com.qa.hubspot.tests.HomePageTest"/>
  <testcase name="verifyLoggedInAccountNameTest" time="0.107" classname="com.qa.hubspot.tests.HomePageTest"/>
  <testcase name="verifyLoginPageTitleTest" time="0.021" classname="com.qa.hubspot.tests.LoginPageTest"/>
  <testcase name="verifyLoginTest" time="1.12" classname="com.qa.hubspot.tests.LoginPageTest"/>
  <testcase name="verifySignUpLinkTest" time="0.118" classname="com.qa.hubspot.tests.LoginPageTest"/>
</testsuite> <!-- Test -->
