<?xml version="1.0" encoding="UTF-8"?>
<testng-results skipped="0" failed="0" ignored="0" total="6" passed="6">
  <reporter-output>
  </reporter-output>
  <suite name="Suite" duration-ms="119375" started-at="2019-05-08T15:32:00Z" finished-at="2019-05-08T15:34:00Z">
    <groups>
    </groups>
    <test name="Test" duration-ms="119375" started-at="2019-05-08T15:32:00Z" finished-at="2019-05-08T15:34:00Z">
      <class name="com.qa.hubspot.tests.LoginPageTest">
        <test-method status="PASS" signature="setUp()[pri:0, instance:com.qa.hubspot.tests.LoginPageTest@4dfa3a9d]" name="setUp" is-config="true" duration-ms="14057" started-at="2019-05-08T15:32:00Z" finished-at="2019-05-08T15:32:14Z">
          <reporter-output>
          </reporter-output>
        </test-method> <!-- setUp -->
        <test-method status="PASS" signature="verifyLoginPageTitleTest()[pri:0, instance:com.qa.hubspot.tests.LoginPageTest@4dfa3a9d]" name="verifyLoginPageTitleTest" duration-ms="32" started-at="2019-05-08T15:32:14Z" finished-at="2019-05-08T15:32:14Z">
          <reporter-output>
          </reporter-output>
        </test-method> <!-- verifyLoginPageTitleTest -->
        <test-method status="PASS" signature="tearDown()[pri:0, instance:com.qa.hubspot.tests.LoginPageTest@4dfa3a9d]" name="tearDown" is-config="true" duration-ms="804" started-at="2019-05-08T15:32:14Z" finished-at="2019-05-08T15:32:15Z">
          <reporter-output>
          </reporter-output>
        </test-method> <!-- tearDown -->
        <test-method status="PASS" signature="setUp()[pri:0, instance:com.qa.hubspot.tests.LoginPageTest@4dfa3a9d]" name="setUp" is-config="true" duration-ms="12070" started-at="2019-05-08T15:32:15Z" finished-at="2019-05-08T15:32:27Z">
          <reporter-output>
          </reporter-output>
        </test-method> <!-- setUp -->
        <test-method status="PASS" signature="verifyLoginTest()[pri:0, instance:com.qa.hubspot.tests.LoginPageTest@4dfa3a9d]" name="verifyLoginTest" duration-ms="1828" started-at="2019-05-08T15:32:27Z" finished-at="2019-05-08T15:32:29Z">
          <reporter-output>
          </reporter-output>
        </test-method> <!-- verifyLoginTest -->
        <test-method status="PASS" signature="tearDown()[pri:0, instance:com.qa.hubspot.tests.LoginPageTest@4dfa3a9d]" name="tearDown" is-config="true" duration-ms="817" started-at="2019-05-08T15:32:29Z" finished-at="2019-05-08T15:32:30Z">
          <reporter-output>
          </reporter-output>
        </test-method> <!-- tearDown -->
        <test-method status="PASS" signature="setUp()[pri:0, instance:com.qa.hubspot.tests.LoginPageTest@4dfa3a9d]" name="setUp" is-config="true" duration-ms="12383" started-at="2019-05-08T15:32:30Z" finished-at="2019-05-08T15:32:42Z">
          <reporter-output>
          </reporter-output>
        </test-method> <!-- setUp -->
        <test-method status="PASS" signature="verifySignUpLinkTest()[pri:0, instance:com.qa.hubspot.tests.LoginPageTest@4dfa3a9d]" name="verifySignUpLinkTest" duration-ms="146" started-at="2019-05-08T15:32:42Z" finished-at="2019-05-08T15:32:42Z">
          <reporter-output>
          </reporter-output>
        </test-method> <!-- verifySignUpLinkTest -->
        <test-method status="PASS" signature="tearDown()[pri:0, instance:com.qa.hubspot.tests.LoginPageTest@4dfa3a9d]" name="tearDown" is-config="true" duration-ms="851" started-at="2019-05-08T15:32:42Z" finished-at="2019-05-08T15:32:43Z">
          <reporter-output>
          </reporter-output>
        </test-method> <!-- tearDown -->
      </class> <!-- com.qa.hubspot.tests.LoginPageTest -->
      <class name="com.qa.hubspot.tests.HomePageTest">
        <test-method status="PASS" signature="setUp()[pri:0, instance:com.qa.hubspot.tests.HomePageTest@6eebc39e]" name="setUp" is-config="true" duration-ms="23385" started-at="2019-05-08T15:32:43Z" finished-at="2019-05-08T15:33:07Z">
          <reporter-output>
          </reporter-output>
        </test-method> <!-- setUp -->
        <test-method status="PASS" signature="verifyHomePageHeaderTest()[pri:0, instance:com.qa.hubspot.tests.HomePageTest@6eebc39e]" name="verifyHomePageHeaderTest" duration-ms="572" started-at="2019-05-08T15:33:07Z" finished-at="2019-05-08T15:33:07Z">
          <reporter-output>
          </reporter-output>
        </test-method> <!-- verifyHomePageHeaderTest -->
        <test-method status="PASS" signature="tearDown()[pri:0, instance:com.qa.hubspot.tests.HomePageTest@6eebc39e]" name="tearDown" is-config="true" duration-ms="893" started-at="2019-05-08T15:33:07Z" finished-at="2019-05-08T15:33:08Z">
          <reporter-output>
          </reporter-output>
        </test-method> <!-- tearDown -->
        <test-method status="PASS" signature="setUp()[pri:0, instance:com.qa.hubspot.tests.HomePageTest@6eebc39e]" name="setUp" is-config="true" duration-ms="24831" started-at="2019-05-08T15:33:08Z" finished-at="2019-05-08T15:33:33Z">
          <reporter-output>
          </reporter-output>
        </test-method> <!-- setUp -->
        <test-method status="PASS" signature="verifyHomePageTitle()[pri:0, instance:com.qa.hubspot.tests.HomePageTest@6eebc39e]" name="verifyHomePageTitle" duration-ms="470" started-at="2019-05-08T15:33:33Z" finished-at="2019-05-08T15:33:33Z">
          <reporter-output>
          </reporter-output>
        </test-method> <!-- verifyHomePageTitle -->
        <test-method status="PASS" signature="tearDown()[pri:0, instance:com.qa.hubspot.tests.HomePageTest@6eebc39e]" name="tearDown" is-config="true" duration-ms="880" started-at="2019-05-08T15:33:33Z" finished-at="2019-05-08T15:33:34Z">
          <reporter-output>
          </reporter-output>
        </test-method> <!-- tearDown -->
        <test-method status="PASS" signature="setUp()[pri:0, instance:com.qa.hubspot.tests.HomePageTest@6eebc39e]" name="setUp" is-config="true" duration-ms="24380" started-at="2019-05-08T15:33:34Z" finished-at="2019-05-08T15:33:59Z">
          <reporter-output>
          </reporter-output>
        </test-method> <!-- setUp -->
        <test-method status="PASS" signature="verifyLoggedInAccountNameTest()[pri:0, instance:com.qa.hubspot.tests.HomePageTest@6eebc39e]" name="verifyLoggedInAccountNameTest" duration-ms="76" started-at="2019-05-08T15:33:59Z" finished-at="2019-05-08T15:33:59Z">
          <reporter-output>
          </reporter-output>
        </test-method> <!-- verifyLoggedInAccountNameTest -->
        <test-method status="PASS" signature="tearDown()[pri:0, instance:com.qa.hubspot.tests.HomePageTest@6eebc39e]" name="tearDown" is-config="true" duration-ms="854" started-at="2019-05-08T15:33:59Z" finished-at="2019-05-08T15:34:00Z">
          <reporter-output>
          </reporter-output>
        </test-method> <!-- tearDown -->
      </class> <!-- com.qa.hubspot.tests.HomePageTest -->
    </test> <!-- Test -->
  </suite> <!-- Suite -->
</testng-results>
